#
# A fatal error has been detected by the Java Runtime Environment:
#
#  EXCEPTION_ACCESS_VIOLATION (0xc0000005) at pc=0x00007fff0ca3c6f5, pid=7828, tid=3956
#
# JRE version: Java(TM) SE Runtime Environment 18.9 (11.0.10+8) (build 11.0.10+8-LTS-162)
# Java VM: Java HotSpot(TM) 64-Bit Server VM 18.9 (11.0.10+8-LTS-162, mixed mode, tiered, compressed oops, g1 gc, windows-amd64)
# Problematic frame:
# V  [jvm.dll+0x1ec6f5]
#
# No core dump will be written. Minidumps are not enabled by default on client versions of Windows
#
# If you would like to submit a bug report, please visit:
#   https://bugreport.java.com/bugreport/crash.jsp
#

---------------  S U M M A R Y ------------

Command Line: -javaagent:C:\Program Files\InteliJ\IntelliJ IDEA Community Edition 2022.2.2\lib\idea_rt.jar=51892:C:\Program Files\InteliJ\IntelliJ IDEA Community Edition 2022.2.2\bin -Dfile.encoding=UTF-8 com.brq.ms05.Ms05Application

Host: Intel(R) Core(TM) i7-7500U CPU @ 2.70GHz, 2 cores, 15G,  Windows 10 , 64 bit Build 19041 (10.0.19041.2251)
Time: Mon Nov 14 20:51:56 2022 Hora oficial do Brasil elapsed time: 12.195424 seconds (0d 0h 0m 12s)

---------------  T H R E A D  ---------------

Current thread (0x00000212d53d0000):  ConcurrentGCThread "G1 Conc#0" [stack: 0x0000006274f00000,0x0000006275000000] [id=3956]

Stack: [0x0000006274f00000,0x0000006275000000],  sp=0x0000006274fff720,  free space=1021k
Native frames: (J=compiled Java code, j=interpreted, Vv=VM code, C=native code)
V  [jvm.dll+0x1ec6f5]
V  [jvm.dll+0x2dc253]
V  [jvm.dll+0x2db805]
V  [jvm.dll+0x2e2fa4]
V  [jvm.dll+0x778c90]
V  [jvm.dll+0x70c314]
V  [jvm.dll+0x613036]
C  [ucrtbase.dll+0x21bb2]
C  [KERNEL32.DLL+0x174b4]
C  [ntdll.dll+0x526a1]


siginfo: EXCEPTION_ACCESS_VIOLATION (0xc0000005), reading address 0x0000000000000160


Register to memory mapping:

RIP=0x00007fff0ca3c6f5 jvm.dll
RAX=0x00000212d535ed40 points into unknown readable memory: 00 00 00 00 00 00 00 00
RBX=0x000000071014e540 is an oop: java.lang.ref.SoftReference 
{0x000000071014e540} - klass: 'java/lang/ref/SoftReference'
RCX=0x0000000000000014 is an unknown value
RDX=0x0 is NULL
RSP=0x0000006274fff720 points into unknown readable memory: 00 f8 ff 74 62 00 00 00
RBP=0x0 is NULL
RSI=0x0000000000000002 is an unknown value
RDI=0x0000000000004000 is an unknown value
R8 =0x0000000000004000 is an unknown value
R9 =0x0 is NULL
R10=0x0 is NULL
R11=0x0000000000000246 is an unknown value
R12=0x0 is NULL
R13=0x0000000800005e88 is a pointer to class: 
java.lang.ref.SoftReference {0x0000000800005e90}
R14=0x0 is NULL
R15=0x00000212d53bbea0 points into unknown readable memory: 00 c8 3c d5 12 02 00 00


Registers:
RAX=0x00000212d535ed40, RBX=0x000000071014e540, RCX=0x0000000000000014, RDX=0x0000000000000000
RSP=0x0000006274fff720, RBP=0x0000000000000000, RSI=0x0000000000000002, RDI=0x0000000000004000
R8 =0x0000000000004000, R9 =0x0000000000000000, R10=0x0000000000000000, R11=0x0000000000000246
R12=0x0000000000000000, R13=0x0000000800005e88, R14=0x0000000000000000, R15=0x00000212d53bbea0
RIP=0x00007fff0ca3c6f5, EFLAGS=0x0000000000010246

Top of Stack: (sp=0x0000006274fff720)
0x0000006274fff720:   0000006274fff800 0000000800002310
0x0000006274fff730:   0000000800002310 00007fff0ca1ddf5
0x0000006274fff740:   0000006274efefd0 0000000000000000
0x0000006274fff750:   0000006274fff800 00007fff0cb2c253
0x0000006274fff760:   0000000710110528 00007fff0ca3c7e9
0x0000006274fff770:   00000008000060b8 0000000710200000
0x0000006274fff780:   000000071014e540 00007fff0cb2b805
0x0000006274fff790:   000000071014e558 000000071014e540
0x0000006274fff7a0:   0000006274fff800 00000008000060b0
0x0000006274fff7b0:   0000006274efefd0 00000212d53bbf48
0x0000006274fff7c0:   00007fff0d2162e0 0000000000000005
0x0000006274fff7d0:   0000000800005e88 00007fff0cb32fa4
0x0000006274fff7e0:   0000000800009650 0000000710200000
0x0000006274fff7f0:   000000071014e540 0000000000000000
0x0000006274fff800:   00007fff0d09fa18 0000000000000000
0x0000006274fff810:   00000212d536af30 00000212d53bbea0 

Instructions: (pc=0x00007fff0ca3c6f5)
0x00007fff0ca3c6d5:   4d 8b d0 44 8b e2 49 8b e9 49 8b f8 8b 88 c0 02
0x00007fff0ca3c6e5:   00 00 48 8b 80 b0 02 00 00 49 d3 ea 4e 8b 14 d0
0x00007fff0ca3c6f5:   4d 3b 82 60 01 00 00 72 11 32 c0 48 8b 6c 24 58
0x00007fff0ca3c705:   48 83 c4 20 41 5f 41 5c 5f c3 49 8b 87 90 00 00 


Stack slot to memory mapping:
stack at sp + 0 slots: 0x0000006274fff800 points into unknown readable memory: 18 fa 09 0d ff 7f 00 00
stack at sp + 1 slots: 0x0000000800002310 is a pointer to class: 
java.lang.Cloneable {0x0000000800002318}
stack at sp + 2 slots: 0x0000000800002310 is a pointer to class: 
java.lang.Cloneable {0x0000000800002318}
stack at sp + 3 slots: 0x00007fff0ca1ddf5 jvm.dll
stack at sp + 4 slots: 0x0000006274efefd0 points into unknown readable memory: a8 00 0a 0d ff 7f 00 00
stack at sp + 5 slots: 0x0 is NULL
stack at sp + 6 slots: 0x0000006274fff800 points into unknown readable memory: 18 fa 09 0d ff 7f 00 00
stack at sp + 7 slots: 0x00007fff0cb2c253 jvm.dll


---------------  P R O C E S S  ---------------

Threads class SMR info:
_java_thread_list=0x00000212f9f29f80, length=13, elements={
0x00000212d535d000, 0x00000212f898c800, 0x00000212f898f000, 0x00000212f89ea800,
0x00000212f89eb800, 0x00000212f89ee000, 0x00000212f8a55800, 0x00000212f8a5b000,
0x00000212f8b5d800, 0x00000212f8dfa800, 0x00000212f8eaf000, 0x00000212f9470800,
0x00000212f96ea000
}

Java Threads: ( => current thread )
  0x00000212d535d000 JavaThread "main" [_thread_blocked, id=11440, stack(0x0000006274c00000,0x0000006274d00000)]
  0x00000212f898c800 JavaThread "Reference Handler" daemon [_thread_blocked, id=7380, stack(0x0000006275300000,0x0000006275400000)]
  0x00000212f898f000 JavaThread "Finalizer" daemon [_thread_blocked, id=13960, stack(0x0000006275400000,0x0000006275500000)]
  0x00000212f89ea800 JavaThread "Signal Dispatcher" daemon [_thread_blocked, id=11412, stack(0x0000006275500000,0x0000006275600000)]
  0x00000212f89eb800 JavaThread "Attach Listener" daemon [_thread_blocked, id=5636, stack(0x0000006275600000,0x0000006275700000)]
  0x00000212f89ee000 JavaThread "C2 CompilerThread0" daemon [_thread_in_native, id=2176, stack(0x0000006275700000,0x0000006275800000)]
  0x00000212f8a55800 JavaThread "C1 CompilerThread0" daemon [_thread_blocked, id=3420, stack(0x0000006275800000,0x0000006275900000)]
  0x00000212f8a5b000 JavaThread "Sweeper thread" daemon [_thread_blocked, id=10656, stack(0x0000006275900000,0x0000006275a00000)]
  0x00000212f8b5d800 JavaThread "Common-Cleaner" daemon [_thread_blocked, id=9976, stack(0x0000006275a00000,0x0000006275b00000)]
  0x00000212f8dfa800 JavaThread "Monitor Ctrl-Break" daemon [_thread_in_native, id=12636, stack(0x0000006275b00000,0x0000006275c00000)]
  0x00000212f8eaf000 JavaThread "Service Thread" daemon [_thread_blocked, id=1184, stack(0x0000006275c00000,0x0000006275d00000)]
  0x00000212f9470800 JavaThread "Thread-0" [_thread_blocked, id=14328, stack(0x0000006275f00000,0x0000006276000000)]
  0x00000212f96ea000 JavaThread "restartedMain" [_thread_in_native, id=10064, stack(0x0000006276000000,0x0000006276100000)]

Other Threads:
  0x00000212f8969000 VMThread "VM Thread" [stack: 0x0000006275200000,0x0000006275300000] [id=5300]
  0x00000212f8eb8000 WatcherThread [stack: 0x0000006275d00000,0x0000006275e00000] [id=7376]
  0x00000212d5372800 GCTaskThread "GC Thread#0" [stack: 0x0000006274d00000,0x0000006274e00000] [id=9816]
  0x00000212f8f26800 GCTaskThread "GC Thread#1" [stack: 0x0000006275e00000,0x0000006275f00000] [id=1600]
  0x00000212d53cc800 ConcurrentGCThread "G1 Main Marker" [stack: 0x0000006274e00000,0x0000006274f00000] [id=14844]
=>0x00000212d53d0000 ConcurrentGCThread "G1 Conc#0" [stack: 0x0000006274f00000,0x0000006275000000] [id=3956]
  0x00000212d543e800 ConcurrentGCThread "G1 Refine#0" [stack: 0x0000006275000000,0x0000006275100000] [id=9820]
  0x00000212f7fce000 ConcurrentGCThread "G1 Young RemSet Sampling" [stack: 0x0000006275100000,0x0000006275200000] [id=1904]

Threads with active compile tasks:
C2 CompilerThread0  12297 3267       4       java.net.URLStreamHandler::parseURL (1201 bytes)

VM state:not at safepoint (normal execution)

VM Mutex/Monitor currently owned by a thread: None

Heap address: 0x0000000701800000, size: 4072 MB, Compressed Oops mode: Zero based, Oop shift amount: 3
Narrow klass base: 0x0000000800000000, Narrow klass shift: 0
Compressed class space size: 1073741824 Address: 0x0000000800000000

Heap:
 garbage-first heap   total 315392K, used 11935K [0x0000000701800000, 0x0000000800000000)
  region size 1024K, 8 young (8192K), 7 survivors (7168K)
 Metaspace       used 34884K, capacity 35873K, committed 36144K, reserved 1081344K
  class space    used 4027K, capacity 4408K, committed 4480K, reserved 1048576K
Heap Regions: E=young(eden), S=young(survivor), O=old, HS=humongous(starts), HC=humongous(continues), CS=collection set, F=free, A=archive, TAMS=top-at-mark-start (previous, next)
|   0|0x0000000701800000, 0x0000000701900000, 0x0000000701900000|100%| O|  |TAMS 0x0000000701900000, 0x0000000701900000| Untracked 
|   1|0x0000000701900000, 0x0000000701a00000, 0x0000000701a00000|100%| O|  |TAMS 0x0000000701a00000, 0x0000000701a00000| Untracked 
|   2|0x0000000701a00000, 0x0000000701b00000, 0x0000000701b00000|100%| O|  |TAMS 0x0000000701b00000, 0x0000000701b00000| Untracked 
|   3|0x0000000701b00000, 0x0000000701c00000, 0x0000000701c00000|100%| O|  |TAMS 0x0000000701c00000, 0x0000000701c00000| Untracked 
|   4|0x0000000701c00000, 0x0000000701d00000, 0x0000000701d00000|100%| O|  |TAMS 0x0000000701c00000, 0x0000000701d00000| Untracked 
|   5|0x0000000701d00000, 0x0000000701d2d000, 0x0000000701e00000| 17%| O|  |TAMS 0x0000000701d00000, 0x0000000701d2d000| Untracked 
|   6|0x0000000701e00000, 0x0000000701e00000, 0x0000000701f00000|  0%| F|  |TAMS 0x0000000701e00000, 0x0000000701e00000| Untracked 
|   7|0x0000000701f00000, 0x0000000701f00000, 0x0000000702000000|  0%| F|  |TAMS 0x0000000701f00000, 0x0000000701f00000| Untracked 
|   8|0x0000000702000000, 0x0000000702000000, 0x0000000702100000|  0%| F|  |TAMS 0x0000000702000000, 0x0000000702000000| Untracked 
|   9|0x0000000702100000, 0x0000000702100000, 0x0000000702200000|  0%| F|  |TAMS 0x0000000702100000, 0x0000000702100000| Untracked 
|  10|0x0000000702200000, 0x0000000702200000, 0x0000000702300000|  0%| F|  |TAMS 0x0000000702200000, 0x0000000702200000| Untracked 
|  11|0x0000000702300000, 0x0000000702300000, 0x0000000702400000|  0%| F|  |TAMS 0x0000000702300000, 0x0000000702300000| Untracked 
|  12|0x0000000702400000, 0x0000000702400000, 0x0000000702500000|  0%| F|  |TAMS 0x0000000702400000, 0x0000000702400000| Untracked 
|  13|0x0000000702500000, 0x0000000702500000, 0x0000000702600000|  0%| F|  |TAMS 0x0000000702500000, 0x0000000702500000| Untracked 
|  14|0x0000000702600000, 0x0000000702600000, 0x0000000702700000|  0%| F|  |TAMS 0x0000000702600000, 0x0000000702600000| Untracked 
|  15|0x0000000702700000, 0x0000000702700000, 0x0000000702800000|  0%| F|  |TAMS 0x0000000702700000, 0x0000000702700000| Untracked 
|  16|0x0000000702800000, 0x0000000702800000, 0x0000000702900000|  0%| F|  |TAMS 0x0000000702800000, 0x0000000702800000| Untracked 
|  17|0x0000000702900000, 0x0000000702900000, 0x0000000702a00000|  0%| F|  |TAMS 0x0000000702900000, 0x0000000702900000| Untracked 
|  18|0x0000000702a00000, 0x0000000702a00000, 0x0000000702b00000|  0%| F|  |TAMS 0x0000000702a00000, 0x0000000702a00000| Untracked 
|  19|0x0000000702b00000, 0x0000000702b00000, 0x0000000702c00000|  0%| F|  |TAMS 0x0000000702b00000, 0x0000000702b00000| Untracked 
|  20|0x0000000702c00000, 0x0000000702c00000, 0x0000000702d00000|  0%| F|  |TAMS 0x0000000702c00000, 0x0000000702c00000| Untracked 
|  21|0x0000000702d00000, 0x0000000702d00000, 0x0000000702e00000|  0%| F|  |TAMS 0x0000000702d00000, 0x0000000702d00000| Untracked 
|  22|0x0000000702e00000, 0x0000000702e00000, 0x0000000702f00000|  0%| F|  |TAMS 0x0000000702e00000, 0x0000000702e00000| Untracked 
|  23|0x0000000702f00000, 0x0000000702f00000, 0x0000000703000000|  0%| F|  |TAMS 0x0000000702f00000, 0x0000000702f00000| Untracked 
|  24|0x0000000703000000, 0x0000000703000000, 0x0000000703100000|  0%| F|  |TAMS 0x0000000703000000, 0x0000000703000000| Untracked 
|  25|0x0000000703100000, 0x0000000703100000, 0x0000000703200000|  0%| F|  |TAMS 0x0000000703100000, 0x0000000703100000| Untracked 
|  26|0x0000000703200000, 0x0000000703200000, 0x0000000703300000|  0%| F|  |TAMS 0x0000000703200000, 0x0000000703200000| Untracked 
|  27|0x0000000703300000, 0x0000000703300000, 0x0000000703400000|  0%| F|  |TAMS 0x0000000703300000, 0x0000000703300000| Untracked 
|  28|0x0000000703400000, 0x0000000703400000, 0x0000000703500000|  0%| F|  |TAMS 0x0000000703400000, 0x0000000703400000| Untracked 
|  29|0x0000000703500000, 0x0000000703500000, 0x0000000703600000|  0%| F|  |TAMS 0x0000000703500000, 0x0000000703500000| Untracked 
|  30|0x0000000703600000, 0x0000000703600000, 0x0000000703700000|  0%| F|  |TAMS 0x0000000703600000, 0x0000000703600000| Untracked 
|  31|0x0000000703700000, 0x0000000703700000, 0x0000000703800000|  0%| F|  |TAMS 0x0000000703700000, 0x0000000703700000| Untracked 
|  32|0x0000000703800000, 0x0000000703800000, 0x0000000703900000|  0%| F|  |TAMS 0x0000000703800000, 0x0000000703800000| Untracked 
|  33|0x0000000703900000, 0x0000000703900000, 0x0000000703a00000|  0%| F|  |TAMS 0x0000000703900000, 0x0000000703900000| Untracked 
|  34|0x0000000703a00000, 0x0000000703a00000, 0x0000000703b00000|  0%| F|  |TAMS 0x0000000703a00000, 0x0000000703a00000| Untracked 
|  35|0x0000000703b00000, 0x0000000703b00000, 0x0000000703c00000|  0%| F|  |TAMS 0x0000000703b00000, 0x0000000703b00000| Untracked 
|  36|0x0000000703c00000, 0x0000000703c00000, 0x0000000703d00000|  0%| F|  |TAMS 0x0000000703c00000, 0x0000000703c00000| Untracked 
|  37|0x0000000703d00000, 0x0000000703d00000, 0x0000000703e00000|  0%| F|  |TAMS 0x0000000703d00000, 0x0000000703d00000| Untracked 
|  38|0x0000000703e00000, 0x0000000703e00000, 0x0000000703f00000|  0%| F|  |TAMS 0x0000000703e00000, 0x0000000703e00000| Untracked 
|  39|0x0000000703f00000, 0x0000000703f00000, 0x0000000704000000|  0%| F|  |TAMS 0x0000000703f00000, 0x0000000703f00000| Untracked 
|  40|0x0000000704000000, 0x0000000704000000, 0x0000000704100000|  0%| F|  |TAMS 0x0000000704000000, 0x0000000704000000| Untracked 
|  41|0x0000000704100000, 0x0000000704100000, 0x0000000704200000|  0%| F|  |TAMS 0x0000000704100000, 0x0000000704100000| Untracked 
|  42|0x0000000704200000, 0x0000000704200000, 0x0000000704300000|  0%| F|  |TAMS 0x0000000704200000, 0x0000000704200000| Untracked 
|  43|0x0000000704300000, 0x0000000704300000, 0x0000000704400000|  0%| F|  |TAMS 0x0000000704300000, 0x0000000704300000| Untracked 
|  44|0x0000000704400000, 0x0000000704400000, 0x0000000704500000|  0%| F|  |TAMS 0x0000000704400000, 0x0000000704400000| Untracked 
|  45|0x0000000704500000, 0x0000000704500000, 0x0000000704600000|  0%| F|  |TAMS 0x0000000704500000, 0x0000000704500000| Untracked 
|  46|0x0000000704600000, 0x0000000704600000, 0x0000000704700000|  0%| F|  |TAMS 0x0000000704600000, 0x0000000704600000| Untracked 
|  47|0x0000000704700000, 0x0000000704700000, 0x0000000704800000|  0%| F|  |TAMS 0x0000000704700000, 0x0000000704700000| Untracked 
|  48|0x0000000704800000, 0x0000000704800000, 0x0000000704900000|  0%| F|  |TAMS 0x0000000704800000, 0x0000000704800000| Untracked 
|  49|0x0000000704900000, 0x0000000704900000, 0x0000000704a00000|  0%| F|  |TAMS 0x0000000704900000, 0x0000000704900000| Untracked 
|  50|0x0000000704a00000, 0x0000000704a00000, 0x0000000704b00000|  0%| F|  |TAMS 0x0000000704a00000, 0x0000000704a00000| Untracked 
|  51|0x0000000704b00000, 0x0000000704b00000, 0x0000000704c00000|  0%| F|  |TAMS 0x0000000704b00000, 0x0000000704b00000| Untracked 
|  52|0x0000000704c00000, 0x0000000704c00000, 0x0000000704d00000|  0%| F|  |TAMS 0x0000000704c00000, 0x0000000704c00000| Untracked 
|  53|0x0000000704d00000, 0x0000000704d00000, 0x0000000704e00000|  0%| F|  |TAMS 0x0000000704d00000, 0x0000000704d00000| Untracked 
|  54|0x0000000704e00000, 0x0000000704e00000, 0x0000000704f00000|  0%| F|  |TAMS 0x0000000704e00000, 0x0000000704e00000| Untracked 
|  55|0x0000000704f00000, 0x0000000704f00000, 0x0000000705000000|  0%| F|  |TAMS 0x0000000704f00000, 0x0000000704f00000| Untracked 
|  56|0x0000000705000000, 0x0000000705000000, 0x0000000705100000|  0%| F|  |TAMS 0x0000000705000000, 0x0000000705000000| Untracked 
|  57|0x0000000705100000, 0x0000000705100000, 0x0000000705200000|  0%| F|  |TAMS 0x0000000705100000, 0x0000000705100000| Untracked 
|  58|0x0000000705200000, 0x0000000705200000, 0x0000000705300000|  0%| F|  |TAMS 0x0000000705200000, 0x0000000705200000| Untracked 
|  59|0x0000000705300000, 0x0000000705300000, 0x0000000705400000|  0%| F|  |TAMS 0x0000000705300000, 0x0000000705300000| Untracked 
|  60|0x0000000705400000, 0x0000000705400000, 0x0000000705500000|  0%| F|  |TAMS 0x0000000705400000, 0x0000000705400000| Untracked 
|  61|0x0000000705500000, 0x0000000705500000, 0x0000000705600000|  0%| F|  |TAMS 0x0000000705500000, 0x0000000705500000| Untracked 
|  62|0x0000000705600000, 0x0000000705600000, 0x0000000705700000|  0%| F|  |TAMS 0x0000000705600000, 0x0000000705600000| Untracked 
|  63|0x0000000705700000, 0x0000000705700000, 0x0000000705800000|  0%| F|  |TAMS 0x0000000705700000, 0x0000000705700000| Untracked 
|  64|0x0000000705800000, 0x0000000705800000, 0x0000000705900000|  0%| F|  |TAMS 0x0000000705800000, 0x0000000705800000| Untracked 
|  65|0x0000000705900000, 0x0000000705900000, 0x0000000705a00000|  0%| F|  |TAMS 0x0000000705900000, 0x0000000705900000| Untracked 
|  66|0x0000000705a00000, 0x0000000705a00000, 0x0000000705b00000|  0%| F|  |TAMS 0x0000000705a00000, 0x0000000705a00000| Untracked 
|  67|0x0000000705b00000, 0x0000000705b00000, 0x0000000705c00000|  0%| F|  |TAMS 0x0000000705b00000, 0x0000000705b00000| Untracked 
|  68|0x0000000705c00000, 0x0000000705c00000, 0x0000000705d00000|  0%| F|  |TAMS 0x0000000705c00000, 0x0000000705c00000| Untracked 
|  69|0x0000000705d00000, 0x0000000705d00000, 0x0000000705e00000|  0%| F|  |TAMS 0x0000000705d00000, 0x0000000705d00000| Untracked 
|  70|0x0000000705e00000, 0x0000000705e00000, 0x0000000705f00000|  0%| F|  |TAMS 0x0000000705e00000, 0x0000000705e00000| Untracked 
|  71|0x0000000705f00000, 0x0000000705f00000, 0x0000000706000000|  0%| F|  |TAMS 0x0000000705f00000, 0x0000000705f00000| Untracked 
|  72|0x0000000706000000, 0x0000000706000000, 0x0000000706100000|  0%| F|  |TAMS 0x0000000706000000, 0x0000000706000000| Untracked 
|  73|0x0000000706100000, 0x0000000706100000, 0x0000000706200000|  0%| F|  |TAMS 0x0000000706100000, 0x0000000706100000| Untracked 
|  74|0x0000000706200000, 0x0000000706200000, 0x0000000706300000|  0%| F|  |TAMS 0x0000000706200000, 0x0000000706200000| Untracked 
|  75|0x0000000706300000, 0x0000000706300000, 0x0000000706400000|  0%| F|  |TAMS 0x0000000706300000, 0x0000000706300000| Untracked 
|  76|0x0000000706400000, 0x0000000706400000, 0x0000000706500000|  0%| F|  |TAMS 0x0000000706400000, 0x0000000706400000| Untracked 
|  77|0x0000000706500000, 0x0000000706500000, 0x0000000706600000|  0%| F|  |TAMS 0x0000000706500000, 0x0000000706500000| Untracked 
|  78|0x0000000706600000, 0x0000000706600000, 0x0000000706700000|  0%| F|  |TAMS 0x0000000706600000, 0x0000000706600000| Untracked 
|  79|0x0000000706700000, 0x0000000706700000, 0x0000000706800000|  0%| F|  |TAMS 0x0000000706700000, 0x0000000706700000| Untracked 
|  80|0x0000000706800000, 0x0000000706800000, 0x0000000706900000|  0%| F|  |TAMS 0x0000000706800000, 0x0000000706800000| Untracked 
|  81|0x0000000706900000, 0x0000000706900000, 0x0000000706a00000|  0%| F|  |TAMS 0x0000000706900000, 0x0000000706900000| Untracked 
|  82|0x0000000706a00000, 0x0000000706a00000, 0x0000000706b00000|  0%| F|  |TAMS 0x0000000706a00000, 0x0000000706a00000| Untracked 
|  83|0x0000000706b00000, 0x0000000706b00000, 0x0000000706c00000|  0%| F|  |TAMS 0x0000000706b00000, 0x0000000706b00000| Untracked 
|  84|0x0000000706c00000, 0x0000000706c00000, 0x0000000706d00000|  0%| F|  |TAMS 0x0000000706c00000, 0x0000000706c00000| Untracked 
|  85|0x0000000706d00000, 0x0000000706d00000, 0x0000000706e00000|  0%| F|  |TAMS 0x0000000706d00000, 0x0000000706d00000| Untracked 
|  86|0x0000000706e00000, 0x0000000706e00000, 0x0000000706f00000|  0%| F|  |TAMS 0x0000000706e00000, 0x0000000706e00000| Untracked 
|  87|0x0000000706f00000, 0x0000000706f00000, 0x0000000707000000|  0%| F|  |TAMS 0x0000000706f00000, 0x0000000706f00000| Untracked 
|  88|0x0000000707000000, 0x0000000707000000, 0x0000000707100000|  0%| F|  |TAMS 0x0000000707000000, 0x0000000707000000| Untracked 
|  89|0x0000000707100000, 0x0000000707100000, 0x0000000707200000|  0%| F|  |TAMS 0x0000000707100000, 0x0000000707100000| Untracked 
|  90|0x0000000707200000, 0x0000000707200000, 0x0000000707300000|  0%| F|  |TAMS 0x0000000707200000, 0x0000000707200000| Untracked 
|  91|0x0000000707300000, 0x0000000707300000, 0x0000000707400000|  0%| F|  |TAMS 0x0000000707300000, 0x0000000707300000| Untracked 
|  92|0x0000000707400000, 0x0000000707400000, 0x0000000707500000|  0%| F|  |TAMS 0x0000000707400000, 0x0000000707400000| Untracked 
|  93|0x0000000707500000, 0x0000000707500000, 0x0000000707600000|  0%| F|  |TAMS 0x0000000707500000, 0x0000000707500000| Untracked 
|  94|0x0000000707600000, 0x0000000707600000, 0x0000000707700000|  0%| F|  |TAMS 0x0000000707600000, 0x0000000707600000| Untracked 
|  95|0x0000000707700000, 0x0000000707700000, 0x0000000707800000|  0%| F|  |TAMS 0x0000000707700000, 0x0000000707700000| Untracked 
|  96|0x0000000707800000, 0x0000000707800000, 0x0000000707900000|  0%| F|  |TAMS 0x0000000707800000, 0x0000000707800000| Untracked 
|  97|0x0000000707900000, 0x0000000707900000, 0x0000000707a00000|  0%| F|  |TAMS 0x0000000707900000, 0x0000000707900000| Untracked 
|  98|0x0000000707a00000, 0x0000000707a00000, 0x0000000707b00000|  0%| F|  |TAMS 0x0000000707a00000, 0x0000000707a00000| Untracked 
|  99|0x0000000707b00000, 0x0000000707b00000, 0x0000000707c00000|  0%| F|  |TAMS 0x0000000707b00000, 0x0000000707b00000| Untracked 
| 100|0x0000000707c00000, 0x0000000707c00000, 0x0000000707d00000|  0%| F|  |TAMS 0x0000000707c00000, 0x0000000707c00000| Untracked 
| 101|0x0000000707d00000, 0x0000000707d00000, 0x0000000707e00000|  0%| F|  |TAMS 0x0000000707d00000, 0x0000000707d00000| Untracked 
| 102|0x0000000707e00000, 0x0000000707e00000, 0x0000000707f00000|  0%| F|  |TAMS 0x0000000707e00000, 0x0000000707e00000| Untracked 
| 103|0x0000000707f00000, 0x0000000707f00000, 0x0000000708000000|  0%| F|  |TAMS 0x0000000707f00000, 0x0000000707f00000| Untracked 
| 104|0x0000000708000000, 0x0000000708000000, 0x0000000708100000|  0%| F|  |TAMS 0x0000000708000000, 0x0000000708000000| Untracked 
| 105|0x0000000708100000, 0x0000000708100000, 0x0000000708200000|  0%| F|  |TAMS 0x0000000708100000, 0x0000000708100000| Untracked 
| 106|0x0000000708200000, 0x0000000708200000, 0x0000000708300000|  0%| F|  |TAMS 0x0000000708200000, 0x0000000708200000| Untracked 
| 107|0x0000000708300000, 0x0000000708300000, 0x0000000708400000|  0%| F|  |TAMS 0x0000000708300000, 0x0000000708300000| Untracked 
| 108|0x0000000708400000, 0x0000000708400000, 0x0000000708500000|  0%| F|  |TAMS 0x0000000708400000, 0x0000000708400000| Untracked 
| 109|0x0000000708500000, 0x0000000708500000, 0x0000000708600000|  0%| F|  |TAMS 0x0000000708500000, 0x0000000708500000| Untracked 
| 110|0x0000000708600000, 0x0000000708600000, 0x0000000708700000|  0%| F|  |TAMS 0x0000000708600000, 0x0000000708600000| Untracked 
| 111|0x0000000708700000, 0x0000000708700000, 0x0000000708800000|  0%| F|  |TAMS 0x0000000708700000, 0x0000000708700000| Untracked 
| 112|0x0000000708800000, 0x0000000708800000, 0x0000000708900000|  0%| F|  |TAMS 0x0000000708800000, 0x0000000708800000| Untracked 
| 113|0x0000000708900000, 0x0000000708900000, 0x0000000708a00000|  0%| F|  |TAMS 0x0000000708900000, 0x0000000708900000| Untracked 
| 114|0x0000000708a00000, 0x0000000708a00000, 0x0000000708b00000|  0%| F|  |TAMS 0x0000000708a00000, 0x0000000708a00000| Untracked 
| 115|0x0000000708b00000, 0x0000000708b00000, 0x0000000708c00000|  0%| F|  |TAMS 0x0000000708b00000, 0x0000000708b00000| Untracked 
| 116|0x0000000708c00000, 0x0000000708c00000, 0x0000000708d00000|  0%| F|  |TAMS 0x0000000708c00000, 0x0000000708c00000| Untracked 
| 117|0x0000000708d00000, 0x0000000708d00000, 0x0000000708e00000|  0%| F|  |TAMS 0x0000000708d00000, 0x0000000708d00000| Untracked 
| 118|0x0000000708e00000, 0x0000000708e00000, 0x0000000708f00000|  0%| F|  |TAMS 0x0000000708e00000, 0x0000000708e00000| Untracked 
| 119|0x0000000708f00000, 0x0000000708f00000, 0x0000000709000000|  0%| F|  |TAMS 0x0000000708f00000, 0x0000000708f00000| Untracked 
| 120|0x0000000709000000, 0x0000000709000000, 0x0000000709100000|  0%| F|  |TAMS 0x0000000709000000, 0x0000000709000000| Untracked 
| 121|0x0000000709100000, 0x0000000709100000, 0x0000000709200000|  0%| F|  |TAMS 0x0000000709100000, 0x0000000709100000| Untracked 
| 122|0x0000000709200000, 0x0000000709200000, 0x0000000709300000|  0%| F|  |TAMS 0x0000000709200000, 0x0000000709200000| Untracked 
| 123|0x0000000709300000, 0x0000000709300000, 0x0000000709400000|  0%| F|  |TAMS 0x0000000709300000, 0x0000000709300000| Untracked 
| 124|0x0000000709400000, 0x0000000709400000, 0x0000000709500000|  0%| F|  |TAMS 0x0000000709400000, 0x0000000709400000| Untracked 
| 125|0x0000000709500000, 0x0000000709500000, 0x0000000709600000|  0%| F|  |TAMS 0x0000000709500000, 0x0000000709500000| Untracked 
| 126|0x0000000709600000, 0x0000000709600000, 0x0000000709700000|  0%| F|  |TAMS 0x0000000709600000, 0x0000000709600000| Untracked 
| 127|0x0000000709700000, 0x0000000709700000, 0x0000000709800000|  0%| F|  |TAMS 0x0000000709700000, 0x0000000709700000| Untracked 
| 128|0x0000000709800000, 0x0000000709800000, 0x0000000709900000|  0%| F|  |TAMS 0x0000000709800000, 0x0000000709800000| Untracked 
| 129|0x0000000709900000, 0x0000000709900000, 0x0000000709a00000|  0%| F|  |TAMS 0x0000000709900000, 0x0000000709900000| Untracked 
| 130|0x0000000709a00000, 0x0000000709a00000, 0x0000000709b00000|  0%| F|  |TAMS 0x0000000709a00000, 0x0000000709a00000| Untracked 
| 131|0x0000000709b00000, 0x0000000709b00000, 0x0000000709c00000|  0%| F|  |TAMS 0x0000000709b00000, 0x0000000709b00000| Untracked 
| 132|0x0000000709c00000, 0x0000000709c00000, 0x0000000709d00000|  0%| F|  |TAMS 0x0000000709c00000, 0x0000000709c00000| Untracked 
| 133|0x0000000709d00000, 0x0000000709d00000, 0x0000000709e00000|  0%| F|  |TAMS 0x0000000709d00000, 0x0000000709d00000| Untracked 
| 134|0x0000000709e00000, 0x0000000709e00000, 0x0000000709f00000|  0%| F|  |TAMS 0x0000000709e00000, 0x0000000709e00000| Untracked 
| 135|0x0000000709f00000, 0x0000000709f00000, 0x000000070a000000|  0%| F|  |TAMS 0x0000000709f00000, 0x0000000709f00000| Untracked 
| 136|0x000000070a000000, 0x000000070a000000, 0x000000070a100000|  0%| F|  |TAMS 0x000000070a000000, 0x000000070a000000| Untracked 
| 137|0x000000070a100000, 0x000000070a100000, 0x000000070a200000|  0%| F|  |TAMS 0x000000070a100000, 0x000000070a100000| Untracked 
| 138|0x000000070a200000, 0x000000070a200000, 0x000000070a300000|  0%| F|  |TAMS 0x000000070a200000, 0x000000070a200000| Untracked 
| 139|0x000000070a300000, 0x000000070a300000, 0x000000070a400000|  0%| F|  |TAMS 0x000000070a300000, 0x000000070a300000| Untracked 
| 140|0x000000070a400000, 0x000000070a400000, 0x000000070a500000|  0%| F|  |TAMS 0x000000070a400000, 0x000000070a400000| Untracked 
| 141|0x000000070a500000, 0x000000070a500000, 0x000000070a600000|  0%| F|  |TAMS 0x000000070a500000, 0x000000070a500000| Untracked 
| 142|0x000000070a600000, 0x000000070a600000, 0x000000070a700000|  0%| F|  |TAMS 0x000000070a600000, 0x000000070a600000| Untracked 
| 143|0x000000070a700000, 0x000000070a700000, 0x000000070a800000|  0%| F|  |TAMS 0x000000070a700000, 0x000000070a700000| Untracked 
| 144|0x000000070a800000, 0x000000070a800000, 0x000000070a900000|  0%| F|  |TAMS 0x000000070a800000, 0x000000070a800000| Untracked 
| 145|0x000000070a900000, 0x000000070a900000, 0x000000070aa00000|  0%| F|  |TAMS 0x000000070a900000, 0x000000070a900000| Untracked 
| 146|0x000000070aa00000, 0x000000070aa00000, 0x000000070ab00000|  0%| F|  |TAMS 0x000000070aa00000, 0x000000070aa00000| Untracked 
| 147|0x000000070ab00000, 0x000000070ab00000, 0x000000070ac00000|  0%| F|  |TAMS 0x000000070ab00000, 0x000000070ab00000| Untracked 
| 148|0x000000070ac00000, 0x000000070ac00000, 0x000000070ad00000|  0%| F|  |TAMS 0x000000070ac00000, 0x000000070ac00000| Untracked 
| 149|0x000000070ad00000, 0x000000070ad00000, 0x000000070ae00000|  0%| F|  |TAMS 0x000000070ad00000, 0x000000070ad00000| Untracked 
| 150|0x000000070ae00000, 0x000000070ae00000, 0x000000070af00000|  0%| F|  |TAMS 0x000000070ae00000, 0x000000070ae00000| Untracked 
| 151|0x000000070af00000, 0x000000070af00000, 0x000000070b000000|  0%| F|  |TAMS 0x000000070af00000, 0x000000070af00000| Untracked 
| 152|0x000000070b000000, 0x000000070b000000, 0x000000070b100000|  0%| F|  |TAMS 0x000000070b000000, 0x000000070b000000| Untracked 
| 153|0x000000070b100000, 0x000000070b100000, 0x000000070b200000|  0%| F|  |TAMS 0x000000070b100000, 0x000000070b100000| Untracked 
| 154|0x000000070b200000, 0x000000070b200000, 0x000000070b300000|  0%| F|  |TAMS 0x000000070b200000, 0x000000070b200000| Untracked 
| 155|0x000000070b300000, 0x000000070b300000, 0x000000070b400000|  0%| F|  |TAMS 0x000000070b300000, 0x000000070b300000| Untracked 
| 156|0x000000070b400000, 0x000000070b400000, 0x000000070b500000|  0%| F|  |TAMS 0x000000070b400000, 0x000000070b400000| Untracked 
| 157|0x000000070b500000, 0x000000070b500000, 0x000000070b600000|  0%| F|  |TAMS 0x000000070b500000, 0x000000070b500000| Untracked 
| 158|0x000000070b600000, 0x000000070b600000, 0x000000070b700000|  0%| F|  |TAMS 0x000000070b600000, 0x000000070b600000| Untracked 
| 159|0x000000070b700000, 0x000000070b700000, 0x000000070b800000|  0%| F|  |TAMS 0x000000070b700000, 0x000000070b700000| Untracked 
| 160|0x000000070b800000, 0x000000070b800000, 0x000000070b900000|  0%| F|  |TAMS 0x000000070b800000, 0x000000070b800000| Untracked 
| 161|0x000000070b900000, 0x000000070b900000, 0x000000070ba00000|  0%| F|  |TAMS 0x000000070b900000, 0x000000070b900000| Untracked 
| 162|0x000000070ba00000, 0x000000070ba00000, 0x000000070bb00000|  0%| F|  |TAMS 0x000000070ba00000, 0x000000070ba00000| Untracked 
| 163|0x000000070bb00000, 0x000000070bb00000, 0x000000070bc00000|  0%| F|  |TAMS 0x000000070bb00000, 0x000000070bb00000| Untracked 
| 164|0x000000070bc00000, 0x000000070bc00000, 0x000000070bd00000|  0%| F|  |TAMS 0x000000070bc00000, 0x000000070bc00000| Untracked 
| 165|0x000000070bd00000, 0x000000070bd00000, 0x000000070be00000|  0%| F|  |TAMS 0x000000070bd00000, 0x000000070bd00000| Untracked 
| 166|0x000000070be00000, 0x000000070be00000, 0x000000070bf00000|  0%| F|  |TAMS 0x000000070be00000, 0x000000070be00000| Untracked 
| 167|0x000000070bf00000, 0x000000070bf00000, 0x000000070c000000|  0%| F|  |TAMS 0x000000070bf00000, 0x000000070bf00000| Untracked 
| 168|0x000000070c000000, 0x000000070c000000, 0x000000070c100000|  0%| F|  |TAMS 0x000000070c000000, 0x000000070c000000| Untracked 
| 169|0x000000070c100000, 0x000000070c100000, 0x000000070c200000|  0%| F|  |TAMS 0x000000070c100000, 0x000000070c100000| Untracked 
| 170|0x000000070c200000, 0x000000070c200000, 0x000000070c300000|  0%| F|  |TAMS 0x000000070c200000, 0x000000070c200000| Untracked 
| 171|0x000000070c300000, 0x000000070c300000, 0x000000070c400000|  0%| F|  |TAMS 0x000000070c300000, 0x000000070c300000| Untracked 
| 172|0x000000070c400000, 0x000000070c400000, 0x000000070c500000|  0%| F|  |TAMS 0x000000070c400000, 0x000000070c400000| Untracked 
| 173|0x000000070c500000, 0x000000070c500000, 0x000000070c600000|  0%| F|  |TAMS 0x000000070c500000, 0x000000070c500000| Untracked 
| 174|0x000000070c600000, 0x000000070c600000, 0x000000070c700000|  0%| F|  |TAMS 0x000000070c600000, 0x000000070c600000| Untracked 
| 175|0x000000070c700000, 0x000000070c700000, 0x000000070c800000|  0%| F|  |TAMS 0x000000070c700000, 0x000000070c700000| Untracked 
| 176|0x000000070c800000, 0x000000070c800000, 0x000000070c900000|  0%| F|  |TAMS 0x000000070c800000, 0x000000070c800000| Untracked 
| 177|0x000000070c900000, 0x000000070c900000, 0x000000070ca00000|  0%| F|  |TAMS 0x000000070c900000, 0x000000070c900000| Untracked 
| 178|0x000000070ca00000, 0x000000070ca00000, 0x000000070cb00000|  0%| F|  |TAMS 0x000000070ca00000, 0x000000070ca00000| Untracked 
| 179|0x000000070cb00000, 0x000000070cb00000, 0x000000070cc00000|  0%| F|  |TAMS 0x000000070cb00000, 0x000000070cb00000| Untracked 
| 180|0x000000070cc00000, 0x000000070cc00000, 0x000000070cd00000|  0%| F|  |TAMS 0x000000070cc00000, 0x000000070cc00000| Untracked 
| 181|0x000000070cd00000, 0x000000070cd00000, 0x000000070ce00000|  0%| F|  |TAMS 0x000000070cd00000, 0x000000070cd00000| Untracked 
| 182|0x000000070ce00000, 0x000000070ce00000, 0x000000070cf00000|  0%| F|  |TAMS 0x000000070ce00000, 0x000000070ce00000| Untracked 
| 183|0x000000070cf00000, 0x000000070cf00000, 0x000000070d000000|  0%| F|  |TAMS 0x000000070cf00000, 0x000000070cf00000| Untracked 
| 184|0x000000070d000000, 0x000000070d000000, 0x000000070d100000|  0%| F|  |TAMS 0x000000070d000000, 0x000000070d000000| Untracked 
| 185|0x000000070d100000, 0x000000070d100000, 0x000000070d200000|  0%| F|  |TAMS 0x000000070d100000, 0x000000070d100000| Untracked 
| 186|0x000000070d200000, 0x000000070d200000, 0x000000070d300000|  0%| F|  |TAMS 0x000000070d200000, 0x000000070d200000| Untracked 
| 187|0x000000070d300000, 0x000000070d300000, 0x000000070d400000|  0%| F|  |TAMS 0x000000070d300000, 0x000000070d300000| Untracked 
| 188|0x000000070d400000, 0x000000070d400000, 0x000000070d500000|  0%| F|  |TAMS 0x000000070d400000, 0x000000070d400000| Untracked 
| 189|0x000000070d500000, 0x000000070d500000, 0x000000070d600000|  0%| F|  |TAMS 0x000000070d500000, 0x000000070d500000| Untracked 
| 190|0x000000070d600000, 0x000000070d600000, 0x000000070d700000|  0%| F|  |TAMS 0x000000070d600000, 0x000000070d600000| Untracked 
| 191|0x000000070d700000, 0x000000070d700000, 0x000000070d800000|  0%| F|  |TAMS 0x000000070d700000, 0x000000070d700000| Untracked 
| 192|0x000000070d800000, 0x000000070d800000, 0x000000070d900000|  0%| F|  |TAMS 0x000000070d800000, 0x000000070d800000| Untracked 
| 193|0x000000070d900000, 0x000000070d900000, 0x000000070da00000|  0%| F|  |TAMS 0x000000070d900000, 0x000000070d900000| Untracked 
| 194|0x000000070da00000, 0x000000070da00000, 0x000000070db00000|  0%| F|  |TAMS 0x000000070da00000, 0x000000070da00000| Untracked 
| 195|0x000000070db00000, 0x000000070db00000, 0x000000070dc00000|  0%| F|  |TAMS 0x000000070db00000, 0x000000070db00000| Untracked 
| 196|0x000000070dc00000, 0x000000070dc00000, 0x000000070dd00000|  0%| F|  |TAMS 0x000000070dc00000, 0x000000070dc00000| Untracked 
| 197|0x000000070dd00000, 0x000000070dd00000, 0x000000070de00000|  0%| F|  |TAMS 0x000000070dd00000, 0x000000070dd00000| Untracked 
| 198|0x000000070de00000, 0x000000070de00000, 0x000000070df00000|  0%| F|  |TAMS 0x000000070de00000, 0x000000070de00000| Untracked 
| 199|0x000000070df00000, 0x000000070df00000, 0x000000070e000000|  0%| F|  |TAMS 0x000000070df00000, 0x000000070df00000| Untracked 
| 200|0x000000070e000000, 0x000000070e000000, 0x000000070e100000|  0%| F|  |TAMS 0x000000070e000000, 0x000000070e000000| Untracked 
| 201|0x000000070e100000, 0x000000070e100000, 0x000000070e200000|  0%| F|  |TAMS 0x000000070e100000, 0x000000070e100000| Untracked 
| 202|0x000000070e200000, 0x000000070e200000, 0x000000070e300000|  0%| F|  |TAMS 0x000000070e200000, 0x000000070e200000| Untracked 
| 203|0x000000070e300000, 0x000000070e300000, 0x000000070e400000|  0%| F|  |TAMS 0x000000070e300000, 0x000000070e300000| Untracked 
| 204|0x000000070e400000, 0x000000070e400000, 0x000000070e500000|  0%| F|  |TAMS 0x000000070e400000, 0x000000070e400000| Untracked 
| 205|0x000000070e500000, 0x000000070e500000, 0x000000070e600000|  0%| F|  |TAMS 0x000000070e500000, 0x000000070e500000| Untracked 
| 206|0x000000070e600000, 0x000000070e600000, 0x000000070e700000|  0%| F|  |TAMS 0x000000070e600000, 0x000000070e600000| Untracked 
| 207|0x000000070e700000, 0x000000070e700000, 0x000000070e800000|  0%| F|  |TAMS 0x000000070e700000, 0x000000070e700000| Untracked 
| 208|0x000000070e800000, 0x000000070e800000, 0x000000070e900000|  0%| F|  |TAMS 0x000000070e800000, 0x000000070e800000| Untracked 
| 209|0x000000070e900000, 0x000000070e900000, 0x000000070ea00000|  0%| F|  |TAMS 0x000000070e900000, 0x000000070e900000| Untracked 
| 210|0x000000070ea00000, 0x000000070ea00000, 0x000000070eb00000|  0%| F|  |TAMS 0x000000070ea00000, 0x000000070ea00000| Untracked 
| 211|0x000000070eb00000, 0x000000070eb00000, 0x000000070ec00000|  0%| F|  |TAMS 0x000000070eb00000, 0x000000070eb00000| Untracked 
| 212|0x000000070ec00000, 0x000000070ec00000, 0x000000070ed00000|  0%| F|  |TAMS 0x000000070ec00000, 0x000000070ec00000| Untracked 
| 213|0x000000070ed00000, 0x000000070ed00000, 0x000000070ee00000|  0%| F|  |TAMS 0x000000070ed00000, 0x000000070ed00000| Untracked 
| 214|0x000000070ee00000, 0x000000070ee00000, 0x000000070ef00000|  0%| F|  |TAMS 0x000000070ee00000, 0x000000070ee00000| Untracked 
| 215|0x000000070ef00000, 0x000000070ef00000, 0x000000070f000000|  0%| F|  |TAMS 0x000000070ef00000, 0x000000070ef00000| Untracked 
| 216|0x000000070f000000, 0x000000070f000000, 0x000000070f100000|  0%| F|  |TAMS 0x000000070f000000, 0x000000070f000000| Untracked 
| 217|0x000000070f100000, 0x000000070f100000, 0x000000070f200000|  0%| F|  |TAMS 0x000000070f100000, 0x000000070f100000| Untracked 
| 218|0x000000070f200000, 0x000000070f200000, 0x000000070f300000|  0%| F|  |TAMS 0x000000070f200000, 0x000000070f200000| Untracked 
| 219|0x000000070f300000, 0x000000070f300000, 0x000000070f400000|  0%| F|  |TAMS 0x000000070f300000, 0x000000070f300000| Untracked 
| 220|0x000000070f400000, 0x000000070f400000, 0x000000070f500000|  0%| F|  |TAMS 0x000000070f400000, 0x000000070f400000| Untracked 
| 221|0x000000070f500000, 0x000000070f500000, 0x000000070f600000|  0%| F|  |TAMS 0x000000070f500000, 0x000000070f500000| Untracked 
| 222|0x000000070f600000, 0x000000070f600000, 0x000000070f700000|  0%| F|  |TAMS 0x000000070f600000, 0x000000070f600000| Untracked 
| 223|0x000000070f700000, 0x000000070f700000, 0x000000070f800000|  0%| F|  |TAMS 0x000000070f700000, 0x000000070f700000| Untracked 
| 224|0x000000070f800000, 0x000000070f800000, 0x000000070f900000|  0%| F|  |TAMS 0x000000070f800000, 0x000000070f800000| Untracked 
| 225|0x000000070f900000, 0x000000070f900000, 0x000000070fa00000|  0%| F|  |TAMS 0x000000070f900000, 0x000000070f900000| Untracked 
| 226|0x000000070fa00000, 0x000000070fa00000, 0x000000070fb00000|  0%| F|  |TAMS 0x000000070fa00000, 0x000000070fa00000| Untracked 
| 227|0x000000070fb00000, 0x000000070fb00000, 0x000000070fc00000|  0%| F|  |TAMS 0x000000070fb00000, 0x000000070fb00000| Untracked 
| 228|0x000000070fc00000, 0x000000070fc00000, 0x000000070fd00000|  0%| F|  |TAMS 0x000000070fc00000, 0x000000070fc00000| Untracked 
| 229|0x000000070fd00000, 0x000000070fd00000, 0x000000070fe00000|  0%| F|  |TAMS 0x000000070fd00000, 0x000000070fd00000| Untracked 
| 230|0x000000070fe00000, 0x000000070fe7ad88, 0x000000070ff00000| 47%| S|CS|TAMS 0x000000070fe00000, 0x000000070fe00000| Complete 
| 231|0x000000070ff00000, 0x0000000710000000, 0x0000000710000000|100%| S|CS|TAMS 0x000000070ff00000, 0x000000070ff00000| Complete 
| 232|0x0000000710000000, 0x0000000710100000, 0x0000000710100000|100%| S|CS|TAMS 0x0000000710000000, 0x0000000710000000| Complete 
| 233|0x0000000710100000, 0x0000000710200000, 0x0000000710200000|100%| S|CS|TAMS 0x0000000710100000, 0x0000000710100000| Complete 
| 234|0x0000000710200000, 0x0000000710300000, 0x0000000710300000|100%| S|CS|TAMS 0x0000000710200000, 0x0000000710200000| Complete 
| 235|0x0000000710300000, 0x0000000710400000, 0x0000000710400000|100%| S|CS|TAMS 0x0000000710300000, 0x0000000710300000| Complete 
| 236|0x0000000710400000, 0x0000000710500000, 0x0000000710500000|100%| S|CS|TAMS 0x0000000710400000, 0x0000000710400000| Complete 
| 237|0x0000000710500000, 0x0000000710500000, 0x0000000710600000|  0%| F|  |TAMS 0x0000000710500000, 0x0000000710500000| Untracked 
| 238|0x0000000710600000, 0x0000000710600000, 0x0000000710700000|  0%| F|  |TAMS 0x0000000710600000, 0x0000000710600000| Untracked 
| 239|0x0000000710700000, 0x0000000710700000, 0x0000000710800000|  0%| F|  |TAMS 0x0000000710700000, 0x0000000710700000| Untracked 
| 240|0x0000000710800000, 0x0000000710800000, 0x0000000710900000|  0%| F|  |TAMS 0x0000000710800000, 0x0000000710800000| Untracked 
| 241|0x0000000710900000, 0x0000000710900000, 0x0000000710a00000|  0%| F|  |TAMS 0x0000000710900000, 0x0000000710900000| Untracked 
| 242|0x0000000710a00000, 0x0000000710a00000, 0x0000000710b00000|  0%| F|  |TAMS 0x0000000710a00000, 0x0000000710a00000| Untracked 
| 243|0x0000000710b00000, 0x0000000710b00000, 0x0000000710c00000|  0%| F|  |TAMS 0x0000000710b00000, 0x0000000710b00000| Untracked 
| 244|0x0000000710c00000, 0x0000000710c00000, 0x0000000710d00000|  0%| F|  |TAMS 0x0000000710c00000, 0x0000000710c00000| Untracked 
| 245|0x0000000710d00000, 0x0000000710d00000, 0x0000000710e00000|  0%| F|  |TAMS 0x0000000710d00000, 0x0000000710d00000| Untracked 
| 246|0x0000000710e00000, 0x0000000710e00000, 0x0000000710f00000|  0%| F|  |TAMS 0x0000000710e00000, 0x0000000710e00000| Untracked 
| 247|0x0000000710f00000, 0x0000000710f00000, 0x0000000711000000|  0%| F|  |TAMS 0x0000000710f00000, 0x0000000710f00000| Untracked 
| 248|0x0000000711000000, 0x0000000711000000, 0x0000000711100000|  0%| F|  |TAMS 0x0000000711000000, 0x0000000711000000| Untracked 
| 249|0x0000000711100000, 0x0000000711100000, 0x0000000711200000|  0%| F|  |TAMS 0x0000000711100000, 0x0000000711100000| Untracked 
| 250|0x0000000711200000, 0x0000000711200000, 0x0000000711300000|  0%| F|  |TAMS 0x0000000711200000, 0x0000000711200000| Untracked 
| 251|0x0000000711300000, 0x0000000711300000, 0x0000000711400000|  0%| F|  |TAMS 0x0000000711300000, 0x0000000711300000| Untracked 
| 252|0x0000000711400000, 0x0000000711400000, 0x0000000711500000|  0%| F|  |TAMS 0x0000000711400000, 0x0000000711400000| Untracked 
| 253|0x0000000711500000, 0x0000000711500000, 0x0000000711600000|  0%| F|  |TAMS 0x0000000711500000, 0x0000000711500000| Untracked 
| 254|0x0000000711600000, 0x0000000711600000, 0x0000000711700000|  0%| F|  |TAMS 0x0000000711600000, 0x0000000711600000| Untracked 
| 255|0x0000000711700000, 0x0000000711700000, 0x0000000711800000|  0%| F|  |TAMS 0x0000000711700000, 0x0000000711700000| Untracked 
| 256|0x0000000711800000, 0x0000000711800000, 0x0000000711900000|  0%| F|  |TAMS 0x0000000711800000, 0x0000000711800000| Untracked 
| 257|0x0000000711900000, 0x0000000711900000, 0x0000000711a00000|  0%| F|  |TAMS 0x0000000711900000, 0x0000000711900000| Untracked 
| 258|0x0000000711a00000, 0x0000000711a00000, 0x0000000711b00000|  0%| F|  |TAMS 0x0000000711a00000, 0x0000000711a00000| Untracked 
| 259|0x0000000711b00000, 0x0000000711b00000, 0x0000000711c00000|  0%| F|  |TAMS 0x0000000711b00000, 0x0000000711b00000| Untracked 
| 260|0x0000000711c00000, 0x0000000711c00000, 0x0000000711d00000|  0%| F|  |TAMS 0x0000000711c00000, 0x0000000711c00000| Untracked 
| 261|0x0000000711d00000, 0x0000000711d00000, 0x0000000711e00000|  0%| F|  |TAMS 0x0000000711d00000, 0x0000000711d00000| Untracked 
| 262|0x0000000711e00000, 0x0000000711e00000, 0x0000000711f00000|  0%| F|  |TAMS 0x0000000711e00000, 0x0000000711e00000| Untracked 
| 263|0x0000000711f00000, 0x0000000711f00000, 0x0000000712000000|  0%| F|  |TAMS 0x0000000711f00000, 0x0000000711f00000| Untracked 
| 264|0x0000000712000000, 0x0000000712000000, 0x0000000712100000|  0%| F|  |TAMS 0x0000000712000000, 0x0000000712000000| Untracked 
| 265|0x0000000712100000, 0x0000000712100000, 0x0000000712200000|  0%| F|  |TAMS 0x0000000712100000, 0x0000000712100000| Untracked 
| 266|0x0000000712200000, 0x0000000712200000, 0x0000000712300000|  0%| F|  |TAMS 0x0000000712200000, 0x0000000712200000| Untracked 
| 267|0x0000000712300000, 0x0000000712300000, 0x0000000712400000|  0%| F|  |TAMS 0x0000000712300000, 0x0000000712300000| Untracked 
| 268|0x0000000712400000, 0x0000000712400000, 0x0000000712500000|  0%| F|  |TAMS 0x0000000712400000, 0x0000000712400000| Untracked 
| 269|0x0000000712500000, 0x0000000712500000, 0x0000000712600000|  0%| F|  |TAMS 0x0000000712500000, 0x0000000712500000| Untracked 
| 270|0x0000000712600000, 0x0000000712600000, 0x0000000712700000|  0%| F|  |TAMS 0x0000000712600000, 0x0000000712600000| Untracked 
| 271|0x0000000712700000, 0x0000000712700000, 0x0000000712800000|  0%| F|  |TAMS 0x0000000712700000, 0x0000000712700000| Untracked 
| 272|0x0000000712800000, 0x0000000712800000, 0x0000000712900000|  0%| F|  |TAMS 0x0000000712800000, 0x0000000712800000| Untracked 
| 273|0x0000000712900000, 0x0000000712900000, 0x0000000712a00000|  0%| F|  |TAMS 0x0000000712900000, 0x0000000712900000| Untracked 
| 274|0x0000000712a00000, 0x0000000712a00000, 0x0000000712b00000|  0%| F|  |TAMS 0x0000000712a00000, 0x0000000712a00000| Untracked 
| 275|0x0000000712b00000, 0x0000000712b00000, 0x0000000712c00000|  0%| F|  |TAMS 0x0000000712b00000, 0x0000000712b00000| Untracked 
| 276|0x0000000712c00000, 0x0000000712c00000, 0x0000000712d00000|  0%| F|  |TAMS 0x0000000712c00000, 0x0000000712c00000| Untracked 
| 277|0x0000000712d00000, 0x0000000712d00000, 0x0000000712e00000|  0%| F|  |TAMS 0x0000000712d00000, 0x0000000712d00000| Untracked 
| 278|0x0000000712e00000, 0x0000000712e00000, 0x0000000712f00000|  0%| F|  |TAMS 0x0000000712e00000, 0x0000000712e00000| Untracked 
| 279|0x0000000712f00000, 0x0000000712f00000, 0x0000000713000000|  0%| F|  |TAMS 0x0000000712f00000, 0x0000000712f00000| Untracked 
| 280|0x0000000713000000, 0x0000000713000000, 0x0000000713100000|  0%| F|  |TAMS 0x0000000713000000, 0x0000000713000000| Untracked 
| 281|0x0000000713100000, 0x0000000713100000, 0x0000000713200000|  0%| F|  |TAMS 0x0000000713100000, 0x0000000713100000| Untracked 
| 282|0x0000000713200000, 0x0000000713200000, 0x0000000713300000|  0%| F|  |TAMS 0x0000000713200000, 0x0000000713200000| Untracked 
| 283|0x0000000713300000, 0x0000000713300000, 0x0000000713400000|  0%| F|  |TAMS 0x0000000713300000, 0x0000000713300000| Untracked 
| 284|0x0000000713400000, 0x0000000713400000, 0x0000000713500000|  0%| F|  |TAMS 0x0000000713400000, 0x0000000713400000| Untracked 
| 285|0x0000000713500000, 0x0000000713500000, 0x0000000713600000|  0%| F|  |TAMS 0x0000000713500000, 0x0000000713500000| Untracked 
| 286|0x0000000713600000, 0x0000000713600000, 0x0000000713700000|  0%| F|  |TAMS 0x0000000713600000, 0x0000000713600000| Untracked 
| 287|0x0000000713700000, 0x0000000713700000, 0x0000000713800000|  0%| F|  |TAMS 0x0000000713700000, 0x0000000713700000| Untracked 
| 288|0x0000000713800000, 0x0000000713800000, 0x0000000713900000|  0%| F|  |TAMS 0x0000000713800000, 0x0000000713800000| Untracked 
| 289|0x0000000713900000, 0x0000000713900000, 0x0000000713a00000|  0%| F|  |TAMS 0x0000000713900000, 0x0000000713900000| Untracked 
| 290|0x0000000713a00000, 0x0000000713a00000, 0x0000000713b00000|  0%| F|  |TAMS 0x0000000713a00000, 0x0000000713a00000| Untracked 
| 291|0x0000000713b00000, 0x0000000713b00000, 0x0000000713c00000|  0%| F|  |TAMS 0x0000000713b00000, 0x0000000713b00000| Untracked 
| 292|0x0000000713c00000, 0x0000000713c00000, 0x0000000713d00000|  0%| F|  |TAMS 0x0000000713c00000, 0x0000000713c00000| Untracked 
| 293|0x0000000713d00000, 0x0000000713d00000, 0x0000000713e00000|  0%| F|  |TAMS 0x0000000713d00000, 0x0000000713d00000| Untracked 
| 294|0x0000000713e00000, 0x0000000713e00000, 0x0000000713f00000|  0%| F|  |TAMS 0x0000000713e00000, 0x0000000713e00000| Untracked 
| 295|0x0000000713f00000, 0x0000000713f00000, 0x0000000714000000|  0%| F|  |TAMS 0x0000000713f00000, 0x0000000713f00000| Untracked 
| 296|0x0000000714000000, 0x0000000714000000, 0x0000000714100000|  0%| F|  |TAMS 0x0000000714000000, 0x0000000714000000| Untracked 
| 297|0x0000000714100000, 0x0000000714100000, 0x0000000714200000|  0%| F|  |TAMS 0x0000000714100000, 0x0000000714100000| Untracked 
| 298|0x0000000714200000, 0x0000000714200000, 0x0000000714300000|  0%| F|  |TAMS 0x0000000714200000, 0x0000000714200000| Untracked 
| 299|0x0000000714300000, 0x0000000714300000, 0x0000000714400000|  0%| F|  |TAMS 0x0000000714300000, 0x0000000714300000| Untracked 
| 300|0x0000000714400000, 0x0000000714400000, 0x0000000714500000|  0%| F|  |TAMS 0x0000000714400000, 0x0000000714400000| Untracked 
| 301|0x0000000714500000, 0x0000000714500000, 0x0000000714600000|  0%| F|  |TAMS 0x0000000714500000, 0x0000000714500000| Untracked 
| 302|0x0000000714600000, 0x0000000714600000, 0x0000000714700000|  0%| F|  |TAMS 0x0000000714600000, 0x0000000714600000| Untracked 
| 303|0x0000000714700000, 0x0000000714700000, 0x0000000714800000|  0%| F|  |TAMS 0x0000000714700000, 0x0000000714700000| Untracked 
| 304|0x0000000714800000, 0x0000000714800000, 0x0000000714900000|  0%| F|  |TAMS 0x0000000714800000, 0x0000000714800000| Untracked 
| 305|0x0000000714900000, 0x0000000714900000, 0x0000000714a00000|  0%| F|  |TAMS 0x0000000714900000, 0x0000000714900000| Untracked 
| 306|0x0000000714a00000, 0x0000000714a00000, 0x0000000714b00000|  0%| F|  |TAMS 0x0000000714a00000, 0x0000000714a00000| Untracked 
| 307|0x0000000714b00000, 0x0000000714b80000, 0x0000000714c00000| 50%| E|  |TAMS 0x0000000714b00000, 0x0000000714b00000| Complete 

Card table byte_map: [0x00000212ecff0000,0x00000212ed7f0000] _byte_map_base: 0x00000212e97e4000

Marking Bits (Prev, Next): (CMBitMap*) 0x00000212d53bbef0, (CMBitMap*) 0x00000212d53bbeb8
 Prev Bits: [0x00000212f1f90000, 0x00000212f5f30000)
 Next Bits: [0x00000212edff0000, 0x00000212f1f90000)

Polling page: 0x00000212d3230000

Metaspace:

Usage:
  Non-class:     30.73 MB capacity,    30.13 MB ( 98%) used,   492.22 KB (  2%) free+waste,   115.38 KB ( <1%) overhead. 
      Class:      4.30 MB capacity,     3.93 MB ( 91%) used,   325.50 KB (  7%) free+waste,    55.06 KB (  1%) overhead. 
       Both:     35.03 MB capacity,    34.07 MB ( 97%) used,   817.72 KB (  2%) free+waste,   170.44 KB ( <1%) overhead. 

Virtual space:
  Non-class space:       32.00 MB reserved,      30.92 MB ( 97%) committed 
      Class space:        1.00 GB reserved,       4.38 MB ( <1%) committed 
             Both:        1.03 GB reserved,      35.30 MB (  3%) committed 

Chunk freelists:
   Non-Class:  896 bytes
       Class:  1.00 KB
        Both:  1.88 KB

CodeHeap 'non-profiled nmethods': size=120064Kb used=1513Kb max_used=1513Kb free=118550Kb
 bounds [0x00000212e52b0000, 0x00000212e5520000, 0x00000212ec7f0000]
CodeHeap 'profiled nmethods': size=120000Kb used=7499Kb max_used=7499Kb free=112500Kb
 bounds [0x00000212ddd80000, 0x00000212de4e0000, 0x00000212e52b0000]
CodeHeap 'non-nmethods': size=5696Kb used=1138Kb max_used=1179Kb free=4557Kb
 bounds [0x00000212dd7f0000, 0x00000212dda60000, 0x00000212ddd80000]
 total_blobs=3760 nmethods=3300 adapters=371
 compilation: enabled
              stopped_count=0, restarted_count=0
 full_count=0

Compilation events (10 events):
Event: 12.106 Thread 0x00000212f8a55800 3304       3       java.util.ArrayList::addAll (111 bytes)
Event: 12.107 Thread 0x00000212f8a55800 nmethod 3304 0x00000212de4d0d10 code [0x00000212de4d0f60, 0x00000212de4d18e8]
Event: 12.107 Thread 0x00000212f8a55800 3305       3       org.springframework.context.annotation.CommonAnnotationBeanPostProcessor$$Lambda$380/0x0000000800387440::doWith (13 bytes)
Event: 12.107 Thread 0x00000212f8a55800 nmethod 3305 0x00000212de4d1c10 code [0x00000212de4d1dc0, 0x00000212de4d1f08]
Event: 12.107 Thread 0x00000212f8a55800 3306       3       java.lang.reflect.Field::getAnnotation (23 bytes)
Event: 12.107 Thread 0x00000212f8a55800 nmethod 3306 0x00000212de4d2010 code [0x00000212de4d2220, 0x00000212de4d28c8]
Event: 12.108 Thread 0x00000212f8a55800 3307       3       org.springframework.beans.factory.annotation.AutowiredAnnotationBeanPostProcessor$$Lambda$382/0x0000000800386c40::doWith (13 bytes)
Event: 12.108 Thread 0x00000212f8a55800 nmethod 3307 0x00000212de4d2b10 code [0x00000212de4d2cc0, 0x00000212de4d2e08]
Event: 12.114 Thread 0x00000212f8a55800 3308       1       org.springframework.boot.autoconfigure.SharedMetadataReaderFactoryContextInitializer$SharedMetadataReaderFactoryBean::getObjectType (3 bytes)
Event: 12.114 Thread 0x00000212f8a55800 nmethod 3308 0x00000212e542a390 code [0x00000212e542a520, 0x00000212e542a5d8]

GC Heap History (10 events):
Event: 3.700 GC heap before
{Heap before GC invocations=2 (full 0):
 garbage-first heap   total 262144K, used 16872K [0x0000000701800000, 0x0000000800000000)
  region size 1024K, 14 young (14336K), 1 survivors (1024K)
 Metaspace       used 15375K, capacity 15726K, committed 15872K, reserved 1062912K
  class space    used 1562K, capacity 1678K, committed 1792K, reserved 1048576K
}
Event: 3.707 GC heap after
{Heap after GC invocations=3 (full 0):
 garbage-first heap   total 262144K, used 5511K [0x0000000701800000, 0x0000000800000000)
  region size 1024K, 2 young (2048K), 2 survivors (2048K)
 Metaspace       used 15375K, capacity 15726K, committed 15872K, reserved 1062912K
  class space    used 1562K, capacity 1678K, committed 1792K, reserved 1048576K
}
Event: 5.386 GC heap before
{Heap before GC invocations=3 (full 0):
 garbage-first heap   total 262144K, used 31111K [0x0000000701800000, 0x0000000800000000)
  region size 1024K, 28 young (28672K), 2 survivors (2048K)
 Metaspace       used 20711K, capacity 21188K, committed 21296K, reserved 1069056K
  class space    used 2224K, capacity 2422K, committed 2432K, reserved 1048576K
}
Event: 5.407 GC heap after
{Heap after GC invocations=4 (full 0):
 garbage-first heap   total 262144K, used 6831K [0x0000000701800000, 0x0000000800000000)
  region size 1024K, 3 young (3072K), 3 survivors (3072K)
 Metaspace       used 20711K, capacity 21188K, committed 21296K, reserved 1069056K
  class space    used 2224K, capacity 2422K, committed 2432K, reserved 1048576K
}
Event: 7.295 GC heap before
{Heap before GC invocations=5 (full 0):
 garbage-first heap   total 262144K, used 44719K [0x0000000701800000, 0x0000000800000000)
  region size 1024K, 41 young (41984K), 3 survivors (3072K)
 Metaspace       used 25918K, capacity 26595K, committed 26672K, reserved 1073152K
  class space    used 2884K, capacity 3135K, committed 3200K, reserved 1048576K
}
Event: 7.311 GC heap after
{Heap after GC invocations=6 (full 0):
 garbage-first heap   total 262144K, used 8635K [0x0000000701800000, 0x0000000800000000)
  region size 1024K, 5 young (5120K), 5 survivors (5120K)
 Metaspace       used 25918K, capacity 26595K, committed 26672K, reserved 1073152K
  class space    used 2884K, capacity 3135K, committed 3200K, reserved 1048576K
}
Event: 11.249 GC heap before
{Heap before GC invocations=6 (full 0):
 garbage-first heap   total 262144K, used 56763K [0x0000000701800000, 0x0000000800000000)
  region size 1024K, 52 young (53248K), 5 survivors (5120K)
 Metaspace       used 32671K, capacity 33629K, committed 33840K, reserved 1079296K
  class space    used 3777K, capacity 4149K, committed 4224K, reserved 1048576K
}
Event: 11.267 GC heap after
{Heap after GC invocations=7 (full 0):
 garbage-first heap   total 262144K, used 11164K [0x0000000701800000, 0x0000000800000000)
  region size 1024K, 6 young (6144K), 6 survivors (6144K)
 Metaspace       used 32671K, capacity 33629K, committed 33840K, reserved 1079296K
  class space    used 3777K, capacity 4149K, committed 4224K, reserved 1048576K
}
Event: 12.151 GC heap before
{Heap before GC invocations=7 (full 0):
 garbage-first heap   total 262144K, used 29596K [0x0000000701800000, 0x0000000800000000)
  region size 1024K, 25 young (25600K), 6 survivors (6144K)
 Metaspace       used 34883K, capacity 35809K, committed 35888K, reserved 1081344K
  class space    used 4026K, capacity 4408K, committed 4480K, reserved 1048576K
}
Event: 12.170 GC heap after
{Heap after GC invocations=8 (full 0):
 garbage-first heap   total 315392K, used 11935K [0x0000000701800000, 0x0000000800000000)
  region size 1024K, 7 young (7168K), 7 survivors (7168K)
 Metaspace       used 34883K, capacity 35809K, committed 35888K, reserved 1081344K
  class space    used 4026K, capacity 4408K, committed 4480K, reserved 1048576K
}

Deoptimization events (10 events):
Event: 9.928 Thread 0x00000212f96ea000 Uncommon trap: reason=class_check action=maybe_recompile pc=0x00000212e53e1cfc method=org.springframework.beans.factory.support.AbstractAutowireCapableBeanFactory.predictBeanType(Ljava/lang/String;Lorg/springframework/beans/factory/support/RootBeanDefinit
Event: 9.928 Thread 0x00000212f96ea000 Uncommon trap: reason=class_check action=maybe_recompile pc=0x00000212e53e1cfc method=org.springframework.beans.factory.support.AbstractAutowireCapableBeanFactory.predictBeanType(Ljava/lang/String;Lorg/springframework/beans/factory/support/RootBeanDefinit
Event: 10.165 Thread 0x00000212f96ea000 Uncommon trap: reason=unstable_if action=reinterpret pc=0x00000212e5373a3c method=java.util.LinkedHashMap.get(Ljava/lang/Object;)Ljava/lang/Object; @ 20 c2
Event: 11.302 Thread 0x00000212f96ea000 Uncommon trap: reason=unstable_if action=reinterpret pc=0x00000212e536b39c method=java.util.Properties.loadConvert([CIILjava/lang/StringBuilder;)Ljava/lang/String; @ 130 c2
Event: 11.302 Thread 0x00000212f96ea000 Uncommon trap: reason=unstable_if action=reinterpret pc=0x00000212e5304fc4 method=java.lang.StringBuilder.toString()Ljava/lang/String; @ 4 c2
Event: 11.644 Thread 0x00000212f96ea000 Uncommon trap: reason=null_check action=make_not_entrant pc=0x00000212e5356edc method=java.net.URL.getURLStreamHandler(Ljava/lang/String;)Ljava/net/URLStreamHandler; @ 7 c2
Event: 11.649 Thread 0x00000212f96ea000 Uncommon trap: reason=class_check action=maybe_recompile pc=0x00000212e540f894 method=java.util.zip.InflaterInputStream.read([BII)I @ 100 c2
Event: 11.649 Thread 0x00000212f96ea000 Uncommon trap: reason=class_check action=maybe_recompile pc=0x00000212e540f894 method=java.util.zip.InflaterInputStream.read([BII)I @ 100 c2
Event: 11.651 Thread 0x00000212f96ea000 Uncommon trap: reason=class_check action=maybe_recompile pc=0x00000212e540f894 method=java.util.zip.InflaterInputStream.read([BII)I @ 100 c2
Event: 11.651 Thread 0x00000212f96ea000 Uncommon trap: reason=class_check action=maybe_recompile pc=0x00000212e540f894 method=java.util.zip.InflaterInputStream.read([BII)I @ 100 c2

Classes redefined (0 events):
No events

Internal exceptions (10 events):
Event: 10.211 Thread 0x00000212f96ea000 Exception <a 'java/lang/NoSuchMethodError'{0x000000070e85d1a8}: java.lang.invoke.DirectMethodHandle$Holder.invokeStaticInit(Ljava/lang/Object;IIII)Ljava/lang/Object;> (0x000000070e85d1a8) thrown at [./open/src/hotspot/share/interpreter/linkResolver.cpp, l
Event: 11.126 Thread 0x00000212f96ea000 Exception <a 'java/lang/NoSuchMethodError'{0x000000070e7359f0}: java.lang.invoke.DirectMethodHandle$Holder.invokeStaticInit(Ljava/lang/Object;Ljava/lang/Object;IIII)Ljava/lang/Object;> (0x000000070e7359f0) thrown at [./open/src/hotspot/share/interpreter/l
Event: 11.509 Thread 0x00000212f96ea000 Exception <a 'sun/nio/fs/WindowsException'{0x0000000710ff6c88}> (0x0000000710ff6c88) thrown at [./open/src/hotspot/share/prims/jni.cpp, line 611]
Event: 11.513 Thread 0x00000212f96ea000 Exception <a 'sun/nio/fs/WindowsException'{0x0000000710ffcb58}> (0x0000000710ffcb58) thrown at [./open/src/hotspot/share/prims/jni.cpp, line 611]
Event: 11.513 Thread 0x00000212f96ea000 Exception <a 'sun/nio/fs/WindowsException'{0x0000000710ffce58}> (0x0000000710ffce58) thrown at [./open/src/hotspot/share/prims/jni.cpp, line 611]
Event: 11.515 Thread 0x00000212f96ea000 Exception <a 'sun/nio/fs/WindowsException'{0x0000000710ffdf40}> (0x0000000710ffdf40) thrown at [./open/src/hotspot/share/prims/jni.cpp, line 611]
Event: 11.515 Thread 0x00000212f96ea000 Exception <a 'sun/nio/fs/WindowsException'{0x0000000710ffe2a0}> (0x0000000710ffe2a0) thrown at [./open/src/hotspot/share/prims/jni.cpp, line 611]
Event: 11.644 Thread 0x00000212f96ea000 Implicit null exception at 0x00000212e53551f4 to 0x00000212e5356ecc
Event: 11.980 Thread 0x00000212f96ea000 Exception <a 'java/io/FileNotFoundException'{0x000000071080a3e8}> (0x000000071080a3e8) thrown at [./open/src/hotspot/share/prims/jni.cpp, line 611]
Event: 12.057 Thread 0x00000212f96ea000 Exception <a 'java/lang/NoSuchMethodError'{0x0000000710788538}: java.lang.invoke.DirectMethodHandle$Holder.invokeInterface(Ljava/lang/Object;Ljava/lang/Object;Ljava/lang/Object;Ljava/lang/Object;)I> (0x0000000710788538) thrown at [./open/src/hotspot/share

Events (10 events):
Event: 12.150 loading class java/io/EOFException
Event: 12.150 loading class java/io/EOFException done
Event: 12.150 loading class javax/websocket/HandshakeResponse
Event: 12.150 loading class javax/websocket/HandshakeResponse done
Event: 12.150 loading class org/apache/tomcat/websocket/AuthenticationException
Event: 12.150 loading class org/apache/tomcat/websocket/AuthenticationException done
Event: 12.151 loading class org/apache/tomcat/websocket/AsyncChannelWrapper
Event: 12.151 loading class org/apache/tomcat/websocket/AsyncChannelWrapper done
Event: 12.151 Executing VM operation: CollectForMetadataAllocation
Event: 12.170 Executing VM operation: CollectForMetadataAllocation done


Dynamic libraries:
0x00007ff728530000 - 0x00007ff72853f000 	C:\Program Files\Java\jdk-11.0.10\bin\java.exe
0x00007fff7eb30000 - 0x00007fff7ed28000 	C:\Windows\SYSTEM32\ntdll.dll
0x00007fff7cb60000 - 0x00007fff7cc1f000 	C:\Windows\System32\KERNEL32.DLL
0x00007fff7c790000 - 0x00007fff7ca62000 	C:\Windows\System32\KERNELBASE.dll
0x00007fff7c5b0000 - 0x00007fff7c6b0000 	C:\Windows\System32\ucrtbase.dll
0x00007fff77280000 - 0x00007fff77295000 	C:\Program Files\Java\jdk-11.0.10\bin\VCRUNTIME140.dll
0x00007fff772a0000 - 0x00007fff772b8000 	C:\Program Files\Java\jdk-11.0.10\bin\jli.dll
0x00007fff7d540000 - 0x00007fff7d5ee000 	C:\Windows\System32\ADVAPI32.dll
0x00007fff7ddd0000 - 0x00007fff7de6e000 	C:\Windows\System32\msvcrt.dll
0x00007fff7d630000 - 0x00007fff7d6cc000 	C:\Windows\System32\sechost.dll
0x00007fff7d6d0000 - 0x00007fff7d7f5000 	C:\Windows\System32\RPCRT4.dll
0x00007fff7e020000 - 0x00007fff7e1bd000 	C:\Windows\System32\USER32.dll
0x00007fff58a50000 - 0x00007fff58cea000 	C:\Windows\WinSxS\amd64_microsoft.windows.common-controls_6595b64144ccf1df_6.0.19041.1110_none_60b5254171f9507e\COMCTL32.dll
0x00007fff7c3b0000 - 0x00007fff7c3d2000 	C:\Windows\System32\win32u.dll
0x00007fff7d860000 - 0x00007fff7d88b000 	C:\Windows\System32\GDI32.dll
0x00007fff7c2a0000 - 0x00007fff7c3af000 	C:\Windows\System32\gdi32full.dll
0x00007fff7c200000 - 0x00007fff7c29d000 	C:\Windows\System32\msvcp_win.dll
0x00007fff73110000 - 0x00007fff7311a000 	C:\Windows\SYSTEM32\VERSION.dll
0x00007fff7d5f0000 - 0x00007fff7d622000 	C:\Windows\System32\IMM32.DLL
0x00007fff5b2e0000 - 0x00007fff5b37b000 	C:\Program Files\Java\jdk-11.0.10\bin\msvcp140.dll
0x00007fff0c850000 - 0x00007fff0d34b000 	C:\Program Files\Java\jdk-11.0.10\bin\server\jvm.dll
0x00007fff7cb50000 - 0x00007fff7cb58000 	C:\Windows\System32\PSAPI.DLL
0x00007fff75a50000 - 0x00007fff75a59000 	C:\Windows\SYSTEM32\WSOCK32.dll
0x00007fff57490000 - 0x00007fff574b7000 	C:\Windows\SYSTEM32\WINMM.dll
0x00007fff7e330000 - 0x00007fff7e39b000 	C:\Windows\System32\WS2_32.dll
0x00007fff7aa60000 - 0x00007fff7aa72000 	C:\Windows\SYSTEM32\kernel.appcore.dll
0x00007fff77270000 - 0x00007fff77280000 	C:\Program Files\Java\jdk-11.0.10\bin\verify.dll
0x00007fff5d680000 - 0x00007fff5d864000 	C:\Windows\SYSTEM32\DBGHELP.DLL
0x00007fff5d650000 - 0x00007fff5d67c000 	C:\Windows\SYSTEM32\dbgcore.DLL
0x00007fff7c6b0000 - 0x00007fff7c732000 	C:\Windows\System32\bcryptPrimitives.dll
0x00007fff70f80000 - 0x00007fff70fa8000 	C:\Program Files\Java\jdk-11.0.10\bin\java.dll
0x00007fff77260000 - 0x00007fff7726a000 	C:\Program Files\Java\jdk-11.0.10\bin\jimage.dll
0x00007fff71680000 - 0x00007fff7168e000 	C:\Program Files\Java\jdk-11.0.10\bin\instrument.dll
0x00007fff62270000 - 0x00007fff62286000 	C:\Program Files\Java\jdk-11.0.10\bin\zip.dll
0x00007fff7cd40000 - 0x00007fff7d483000 	C:\Windows\System32\SHELL32.dll
0x00007fff79840000 - 0x00007fff79fd2000 	C:\Windows\SYSTEM32\windows.storage.dll
0x00007fff7e6e0000 - 0x00007fff7ea34000 	C:\Windows\System32\combase.dll
0x00007fff7bb80000 - 0x00007fff7bbb0000 	C:\Windows\SYSTEM32\Wldp.dll
0x00007fff7d490000 - 0x00007fff7d53d000 	C:\Windows\System32\SHCORE.dll
0x00007fff7e660000 - 0x00007fff7e6b5000 	C:\Windows\System32\shlwapi.dll
0x00007fff7c140000 - 0x00007fff7c15f000 	C:\Windows\SYSTEM32\profapi.dll
0x00007fff62250000 - 0x00007fff62269000 	C:\Program Files\Java\jdk-11.0.10\bin\net.dll
0x00007fff71960000 - 0x00007fff71a6c000 	C:\Windows\SYSTEM32\WINHTTP.dll
0x00007fff7b960000 - 0x00007fff7b9ca000 	C:\Windows\system32\mswsock.dll
0x00007fff611e0000 - 0x00007fff611f2000 	C:\Program Files\Java\jdk-11.0.10\bin\nio.dll
0x00007fff60b90000 - 0x00007fff60baa000 	C:\Program Files\InteliJ\IntelliJ IDEA Community Edition 2022.2.2\bin\breakgen64.dll
0x00007fff5cb90000 - 0x00007fff5cb99000 	C:\Program Files\Java\jdk-11.0.10\bin\management.dll
0x00007fff5c930000 - 0x00007fff5c93b000 	C:\Program Files\Java\jdk-11.0.10\bin\management_ext.dll
0x00007fff612e0000 - 0x00007fff612f7000 	C:\Windows\system32\napinsp.dll
0x00007fff61300000 - 0x00007fff6131b000 	C:\Windows\system32\pnrpnsp.dll
0x00007fff761f0000 - 0x00007fff76205000 	C:\Windows\system32\wshbth.dll
0x00007fff771e0000 - 0x00007fff771fd000 	C:\Windows\system32\NLAapi.dll
0x00007fff7b620000 - 0x00007fff7b65b000 	C:\Windows\SYSTEM32\IPHLPAPI.DLL
0x00007fff7b660000 - 0x00007fff7b72a000 	C:\Windows\SYSTEM32\DNSAPI.dll
0x00007fff7e6c0000 - 0x00007fff7e6c8000 	C:\Windows\System32\NSI.dll
0x00007fff62300000 - 0x00007fff62312000 	C:\Windows\System32\winrnr.dll
0x00007fff71870000 - 0x00007fff7187a000 	C:\Windows\System32\rasadhlp.dll
0x00007fff76210000 - 0x00007fff76290000 	C:\Windows\System32\fwpuclnt.dll
0x00007fff7ca70000 - 0x00007fff7ca97000 	C:\Windows\System32\bcrypt.dll
0x00007fff7bbc0000 - 0x00007fff7bbd8000 	C:\Windows\SYSTEM32\CRYPTSP.dll
0x00007fff7b230000 - 0x00007fff7b264000 	C:\Windows\system32\rsaenh.dll
0x00007fff7c0c0000 - 0x00007fff7c0ee000 	C:\Windows\SYSTEM32\USERENV.dll
0x00007fff7baf0000 - 0x00007fff7bafc000 	C:\Windows\SYSTEM32\CRYPTBASE.dll
0x00007fff75a90000 - 0x00007fff75aa7000 	C:\Windows\SYSTEM32\dhcpcsvc6.DLL
0x00007fff75070000 - 0x00007fff7508d000 	C:\Windows\SYSTEM32\dhcpcsvc.DLL
0x00007fff5b8d0000 - 0x00007fff5b8dd000 	C:\Program Files\Java\jdk-11.0.10\bin\sunmscapi.dll
0x00007fff7c450000 - 0x00007fff7c5a6000 	C:\Windows\System32\CRYPT32.dll
0x00007fff7bcd0000 - 0x00007fff7bcf7000 	C:\Windows\SYSTEM32\ncrypt.dll
0x00007fff7bc90000 - 0x00007fff7bccb000 	C:\Windows\SYSTEM32\NTASN1.dll
0x00007fff5b210000 - 0x00007fff5b235000 	C:\Program Files\Java\jdk-11.0.10\bin\sunec.dll

dbghelp: loaded successfully - version: 4.0.5 - missing functions: none
symbol engine: initialized successfully - sym options: 0x614 - pdb path: .;C:\Program Files\Java\jdk-11.0.10\bin;C:\Windows\SYSTEM32;C:\Windows\WinSxS\amd64_microsoft.windows.common-controls_6595b64144ccf1df_6.0.19041.1110_none_60b5254171f9507e;C:\Program Files\Java\jdk-11.0.10\bin\server;C:\Program Files\InteliJ\IntelliJ IDEA Community Edition 2022.2.2\bin

VM Arguments:
jvm_args: -javaagent:C:\Program Files\InteliJ\IntelliJ IDEA Community Edition 2022.2.2\lib\idea_rt.jar=51892:C:\Program Files\InteliJ\IntelliJ IDEA Community Edition 2022.2.2\bin -Dfile.encoding=UTF-8 
java_command: com.brq.ms05.Ms05Application
java_class_path (initial): C:\Users\tiberiojunior\Desktop\curso-brq-java-2022-09-05\ms05\target\classes;C:\Users\tiberiojunior\.m2\repository\org\springframework\boot\spring-boot-starter-data-mongodb\2.7.5\spring-boot-starter-data-mongodb-2.7.5.jar;C:\Users\tiberiojunior\.m2\repository\org\springframework\boot\spring-boot-starter\2.7.5\spring-boot-starter-2.7.5.jar;C:\Users\tiberiojunior\.m2\repository\org\springframework\boot\spring-boot-starter-logging\2.7.5\spring-boot-starter-logging-2.7.5.jar;C:\Users\tiberiojunior\.m2\repository\ch\qos\logback\logback-classic\1.2.11\logback-classic-1.2.11.jar;C:\Users\tiberiojunior\.m2\repository\ch\qos\logback\logback-core\1.2.11\logback-core-1.2.11.jar;C:\Users\tiberiojunior\.m2\repository\org\apache\logging\log4j\log4j-to-slf4j\2.17.2\log4j-to-slf4j-2.17.2.jar;C:\Users\tiberiojunior\.m2\repository\org\apache\logging\log4j\log4j-api\2.17.2\log4j-api-2.17.2.jar;C:\Users\tiberiojunior\.m2\repository\org\slf4j\jul-to-slf4j\1.7.36\jul-to-slf4j-1.7.36.jar;C:\Users\tiberiojunior\.m2\repository\jakarta\annotation\jakarta.annotation-api\1.3.5\jakarta.annotation-api-1.3.5.jar;C:\Users\tiberiojunior\.m2\repository\org\yaml\snakeyaml\1.30\snakeyaml-1.30.jar;C:\Users\tiberiojunior\.m2\repository\org\mongodb\mongodb-driver-sync\4.6.1\mongodb-driver-sync-4.6.1.jar;C:\Users\tiberiojunior\.m2\repository\org\mongodb\bson\4.6.1\bson-4.6.1.jar;C:\Users\tiberiojunior\.m2\repository\org\mongodb\mongodb-driver-core\4.6.1\mongodb-driver-core-4.6.1.jar;C:\Users\tiberiojunior\.m2\repository\org\mongodb\bson-record-codec\4.6.1\bson-record-codec-4.6.1.jar;C:\Users\tiberiojunior\.m2\repository\org\springframework\data\spring-data-mongodb\3.4.5\spring-data-mongodb-3.4.5.jar;C:\Users\tiberiojunior\.m2\repository\org\springframework\spring-tx\5.3.23\spring-tx-5.3.23.jar;C:\Users\tiberiojunior\.m2\repository\org\springframework\spring-context\5.3.23\spring-context-5.3.23.jar;C:\Users\tiberiojunior\.m2\repository\org\springframework\spring-beans\5.3.23\sp
Launcher Type: SUN_STANDARD

[Global flags]
     intx CICompilerCount                          = 2                                         {product} {ergonomic}
     uint ConcGCThreads                            = 1                                         {product} {ergonomic}
     uint G1ConcRefinementThreads                  = 2                                         {product} {ergonomic}
   size_t G1HeapRegionSize                         = 1048576                                   {product} {ergonomic}
    uintx GCDrainStackTargetSize                   = 64                                        {product} {ergonomic}
   size_t InitialHeapSize                          = 268435456                                 {product} {ergonomic}
   size_t MarkStackSize                            = 4194304                                   {product} {ergonomic}
   size_t MaxHeapSize                              = 4269801472                                {product} {ergonomic}
   size_t MaxNewSize                               = 2561671168                                {product} {ergonomic}
   size_t MinHeapDeltaBytes                        = 1048576                                   {product} {ergonomic}
    uintx NonNMethodCodeHeapSize                   = 5825164                                {pd product} {ergonomic}
    uintx NonProfiledCodeHeapSize                  = 122916538                              {pd product} {ergonomic}
    uintx ProfiledCodeHeapSize                     = 122916538                              {pd product} {ergonomic}
    uintx ReservedCodeCacheSize                    = 251658240                              {pd product} {ergonomic}
     bool SegmentedCodeCache                       = true                                      {product} {ergonomic}
     bool UseCompressedClassPointers               = true                                 {lp64_product} {ergonomic}
     bool UseCompressedOops                        = true                                 {lp64_product} {ergonomic}
     bool UseG1GC                                  = true                                      {product} {ergonomic}
     bool UseLargePagesIndividualAllocation        = false                                  {pd product} {ergonomic}

Logging:
Log output configuration:
 #0: stdout all=warning uptime,level,tags
 #1: stderr all=off uptime,level,tags

Environment Variables:
PATH=C:\Program Files\Java\jdk-11.0.10\bin;C:\Windows\system32;C:\Windows;C:\Windows\System32\Wbem;C:\Windows\System32\WindowsPowerShell\v1.0\;C:\Windows\System32\OpenSSH\;C:\Program Files\Git\cmd;C:\Program Files\Docker\Docker\resources\bin;C:\ProgramData\DockerDesktop\version-bin;C:\apache-maven-3.6.3\bin;C:\Users\tiberiojunior\AppData\Local\Microsoft\WindowsApps;;C:\Users\tiberiojunior\AppData\Local\Programs\Microsoft VS Code\bin
USERNAME=tiberiojunior
OS=Windows_NT
PROCESSOR_IDENTIFIER=Intel64 Family 6 Model 142 Stepping 9, GenuineIntel



---------------  S Y S T E M  ---------------

OS: Windows 10 , 64 bit Build 19041 (10.0.19041.2251)
Hyper-V role detected

CPU:total 2 (initial active 2) (2 cores per cpu, 2 threads per core) family 6 model 142 stepping 9 microcode 0xec, cmov, cx8, fxsr, mmx, sse, sse2, sse3, ssse3, sse4.1, sse4.2, popcnt, avx, avx2, aes, clmul, erms, 3dnowpref, lzcnt, ht, tsc, tscinvbit, bmi1, bmi2, adx, fma

Memory: 4k page, system-wide physical 16286M (6043M free)
TotalPageFile size 18718M (AvailPageFile size 6342M)
current process WorkingSet (physical memory assigned to process): 176M, peak: 183M
current process commit charge ("private bytes"): 450M, peak: 450M

vm_info: Java HotSpot(TM) 64-Bit Server VM (11.0.10+8-LTS-162) for windows-amd64 JRE (11.0.10+8-LTS-162), built on Dec  8 2020 16:32:57 by "mach5one" with MS VC++ 15.9 (VS2017)

END.
